<?xml version="1.0" encoding="UTF-8"?>
<!-- Generated by org.testng.reporters.JUnitReportReporter -->
<testsuite skipped="0" hostname="7568mdsalman" name="register.A" tests="1" failures="0" timestamp="2023-09-28T22:30:13 IST" time="8.477" errors="0">
  <testcase name="main" time="8.477" classname="register.A"/>
  <system-out/>
</testsuite> <!-- register.A -->
