<?xml version="1.0" encoding="UTF-8"?>
<!-- Generated by org.testng.reporters.JUnitReportReporter -->
<testsuite skipped="0" hostname="7568mdsalman" name="AdvanceSelenium.DataProviderdemo" tests="2" failures="0" timestamp="2023-10-13T12:23:47 IST" time="0.008" errors="0">
  <testcase name="testcase" time="0.006" classname="AdvanceSelenium.DataProviderdemo"/>
  <system-out/>
  <testcase name="testcase" time="0.002" classname="AdvanceSelenium.DataProviderdemo"/>
  <system-out/>
</testsuite> <!-- AdvanceSelenium.DataProviderdemo -->
